   99  less sumofcustomerscores.txt 
  100  less sumscoreslc.txt 
  101  cat sumofcustomerscores.txt linecount.txt | paste -s -d "/" | bc > customerscoreint.txt
  102  less customerscoreint.txt 
  103  cat sumofcustomerscores.txt linecount.txt | paste -s -d "/" | bc -l > customerscoreint.txt
  104  cat sumofcustomerscores.txt linecount.txt | paste -s -d "/" | bc > customerscoreint.txt
  105  cat sumofcustomerscores.txt linecount.txt | paste -s -d "/" | bc -l > customerscoredecimal.txt
  106  ls
  107  ls
  108  cd cs131
  109  ls
  110  ls -al
  111  cd ..
  112  ls
  113  vim .bashrc
  114  l
  115  source .bashrc
  116  l
  117  ls
  118  cd cs131
  119  l
  120  w
  121  lll
  122  ls -lah
  123  cd ws4
  124  ls -lah
  125  cd ~
  126  ls
  127  cd cs131
  128  ls
  129  git status
  130  git add .
  131  git status
  132  git commit -a -m "Last 2 commits failed. Maybe this one will work. Updating with WS4." 
  133  git push -u origin master
  134  ls
  135  cd ws4
  136  ls
  137  ls -a
  138  cd customers/
  139  ls
  140  cd ..
  141  ls
  142  cd products/
  143  ls 
  144  cd ..
  145  ls
  146  find /cs131 awsreviews.tsv 
  147  find ~/  awsreviews.tsv 
  148  git reset
  149  git status
  150  git reset HEAD^
  151  git status
  152  git add .
  153  git status
  154  git commit -a -m "Updating with WS4. Last few commits failed because I attempted to add awsreviews.tsv, reset with git reset HEAD^. Attempt 3." 
  155  git push -u origin master
  156  ls
  157  history > cmds.log
  158  vim cmds.log
  159  ls
  160  cd ws1
  161  ls
  162  cd ..
  163  cd ws32
  164  ls
  165  cd ws2
  166  ls
  167  cd ..
  168  ls
  169  cd ..l
  170  cd ..
  171  kls
  172  ls
  173  vim cmds.log
  174  ls
  175  cd cs131
  176  ls
  177  history > cmds.log
  178  ls
  179  vim cmds.log 
  180  ls
  181  cd cs131/ws4/customers/
  182  ls
  183  cd cs131/ws4/customers/
  184  ls
  185  less 50122160total.txt
  186  wc -l 50122160cut.txt > testlinecount.txt
  187  less testlinecount.txt 
  188  rm testlinecount.txt 
  189  ls
  190  less cuttosumfile.txt 
  191  less customeraverageoutput.txt 
  192  rm customeraverageoutput.txt 
  193  less 50122160sum.txt 
  194  rm 50122160sum.txt 
  195  less 50122160total.txt 
  196  ls
  197  less 50122160combinedtotallinecount.txt 
  198  rm 50122160combinedtotallinecount.txt 
  199  ls
  200  less 50122160linecount.txt 
  201  rm 50122160linecount.txt 
  202  ls
  203  less 50122160total.txt 
  204  rm 50122160total.txt 
  205  ls
  206  less cuttosumfile.txt 
  207  paste -s -d 50122160cut.txt > insertingplusses.txt
  208  paste -s -d "+" 50122160cut.txt > insertingplusses.txt
  209  ls
  210  less insertingplusses.txt 
  211  rm cuttosumfile.txt 
  212  ls
  213  less insertingplusses.txt 
  214  bc < insertingplusses.txt > sumofcustomerscores.txt
  215  ls
  216  less sumofcustomerscores.txt 
  217  ls
  218  less sumofcustomerscores.txt 
  219  wc -l < 50122160cut.txt > linecount.txt
  220  s
  221  ls
  222  less linecount.txt 
  223  cd cs131/ws4/products/
  224  ls
  225  bc < paste -s -d "+" 043935806cut.txt > cutsum.txt
  226  bc < paste -s -d "+" 043935806cut.txt
  227  paste -s -d "+" 043935806cut.txt | bc < > cutsum.txt
  228  paste -s -d "+" 043935806cut.txt | bc > cutsum.txt
  229  less cutsum.txt 
  230  wc -l < 043935806cut.txt > linecount.txt
  231  ls
  232  less linecount.txt 
  233  less cutsum.txt 
  234  cat cutsum.txt linecount.txt | paste -s -d "/" | bc > productscore.txt
  235  ls
  236  less productscore.txt 
  237  less cutsum.txt 
  238  less linecount.txt 
  239  cat cutsum.txt linecount.txt | paste -s -d "/" | bc -l > productscore.txt
  240  less productscore.txt 
  241  cat cutsum.txt linecount.txt | paste -s -d "/" | bc -l scale=4 > productscore.txt
  242  cd cs131/ws4/customers/
  243  ls
  244  less customerscoredecimal.txt 
  245  less customerscoreint.txt 
  246  cd ~
  247  ls
  248  cd cs131
  249  ls
  250  git status
  251  cd ..
  252  git status
  253  ls
  254  cd cs131
  255  ls
  256  ls -a
  257  git status
  258  git add .
  259  git status
  260  cd ws4
  261  ls
  262  cd ..
  263  git status
  264  git commit -a -m "Committing all of the WS4 changes in their entirety as a test. Currently unsure about whether to leave answers in decimal or whole number forms."
  265  git push -u origin master
  266  git status
  267  ls
  268  cd ws4
  269  cd ~
  270  ls
  271  cd cs131/ws4
  272  ls
  273  rm awsreviews.tsv 
  274  ls
  275  cd ~
  276  ls
  277  cd cs131
  278  ls
  279  git status
  280  git add .
  281  git status
  282  git commit -a -m "Committing all of the WS4 changes in their entirety as a test. Currently unsure about whether to leave answers in decimal or whole number forms. Second attempt."
  283  git push -u origin master 
  284  ls
  285  cd cs131
  286  ls
  287  cd classwork/
  288  ls
  289  mkfifo my_pipe
  290  man ps
  291  ls
  292  cd cs131
  293  ls
  294  cd ws3
  295  l;s
  296  ls
  297  less ws3Answer.txt 
  298  ls
  299  less cmds.log 
  300  ls
  301  less ws3Answer.txt 
  302  cd ../ws4
  303  ls
  304  cd customers/
  305  ls
  306  less sumscoreslc.txt 
  307  less customerscoredecimal.txt 
  308  cd cs131/ws4
  309  ls
  310  cd products/
  311  ls
  312  echo "4/3" score=2; bc -l
  313  ls
  314  less cutsum.txt 
  315  cat cutsum.txt linecount.txt | paste -s -d "/" | "scale=5" bc > testoutput.txt
  316  cat cutsum.txt linecount.txt | paste -s -d "/" | bc > testoutput.txt
  317  less testoutput.txt 
  318  cat cutsum.txt linecount.txt | paste -s -d "/" | "scale=4;" bc > testoutput.txt
  319  cat cutsum.txt linecount.txt | paste -s -d "/" "scale=4" |  bc > testoutput.txt
  320  cat cutsum.txt linecount.txt | paste -s -d "/" "scale=4;" |  bc > testoutput.txt
  321  cat cutsum.txt linecount.txt | paste -s -d "/" |  bc > testoutput.txt "scale=5"
  322  cat cutsum.txt linecount.txt | paste -s -d "/" |  bc > testoutput.txt "scale=5;"
  323  cat cutsum.txt linecount.txt | paste -s -d "/" |  bc > testoutput.txt "scale=5";
  324  cat cutsum.txt linecount.txt | paste -s -d "/"
  325  cd ~
  326  ls
  327  cd cs131
  328  git add .
  329  git status
  330  git push -u origin master
  331  ls
  332  git reset -hard
  333  git reset --hard
  334  git reset HEAD^
  335  git status
  336  git add .
  337  git status
  338  ls
  339  ls ws4
  340  ls classwork/
  341  :a
  342  git commit -m "feb 22"
  343  git push -u origin master
  344  l
  345  w
  346  exit
  347  vim .bashrc
  348  who
  349  ls
  350  cd cs131
  351  ls
  352  mkdir classwork
  353  ls
  354  who
  355  cd classwork
  356  ls
  357  who
  358  who > activeusers.txt
  359  wc -l activeusers.txt > activeusercount.txt
  360  ls
  361  less activeuser
  362  less activeusers.txt 
  363  ls
  364  less activeusercount.txt 
  365  who | wc 0< > activeusercountpiped.txt
  366  who | wc -l
  367  who | wc -l > activeusercount.txt
  368  less activeuser
  369  less activeusercount.txt 
  370  ls
  371  cd ..
  372  ls
  373  cd classwork
  374  ls
  375  who | wc -c | tee activeusers.txt
  376  who | wc -l | tee activeusers.txt
  377  who | tee /dev/tty | wc -c
  378  ls
  379  cd cs131
  380  ls
  381  git status
  382  git reset --hard HEAD~2
  383  git status
  384  ls
  385  ls classwork/
  386  clear
  387  git add .
  388  ls
  389  clear
  390  git commit -u "feb 22"
  391  clear
  392  ls
  393  mkdir ws4
  394  vim ws4/sample.txt
  395  git add .
  396  git status
  397  git commit -u "feb 22"
  398  git commit -m "feb 22"
  399  git push -u origin master
  400  ls
  401  ls > ws4/ls.txt
  402  cd ws4
  403  ls
  404  cd ~
  405  ls
  406  cd cs131
  407  ls
  408  cd classwork
  409  ls
  410  cd ..
  411  ls
  412  cd ws3
  413  ls
  414  cd ..
  415  cd ~
  416  ls
  417  vim .bashrc
  418  ls
  419  cd cs131
  420  ls
  421  cd cs4
  422  ls
  423  cd ws4
  424  ls
  425  vim ls.txt
  426  ls
  427  rm ls.txt 
  428  rm sample.txt 
  429  cd ..
  430  ls
  431  cd ws4
  432  ls
  433  mkdir customers
  434  mkdir products
  435  cd ..
  436  ls
  437  cd ws4
  438  ls
  439  cd ~
  440  vim .bashrc
  441  vim .bashrc
  442  ls
  443  script ws4script.txt
  444  less ws4script.txt 
  445  ls
  446  man mv
  447  ls
  448  mv ws4script.txt/cs131/ws4
  449  mv ws4script.txt cs131/ws4
  450  ls
  451  cd cs131
  452  ls
  453  cd ws4
  454  ls
  455  less ws4script.txt 
  456  cd ~
  457  las
  458  ls
  459  cd cs131
  460  ls
  461  cd ws3
  462  ls
  463  less ws3Answer.txt 
  464  ls
  465  ls
  466  grep 50122160 awsreviews.tsv | cut -f2 > /cs131/ws4/customers/custidoutput.txt 
  467  grep 50122160 awsreviews.tsv | cut -f2 > cs131/ws4/customers/custidoutput.txt 
  468  grep "5012216"0 awsreviews.tsv | cut -f2 > cs131/ws4/customers/custidoutput.txt 
  469  grep "50122160" awsreviews.tsv | cut -f2 > cs131/ws4/customers/custidoutput.txt 
  470  ls
  471  grep "50122160" awsreviews.tsv | cut -f9 > cs131/ws4/customers/custidoutput.txt 
  472  ls
  473  cd cs131
  474  ls
  475  cd ws4
  476  ls
  477  cd customers
  478  ls
  479  less custidoutput.txt 
  480  cd ~
  481  ls
  482  grep "043935806" awsreviews.tsv | cut -f9 > cs131/ws4/products/prodidoutput.txt
  483  ls
  484  cd cs131
  485  ls
  486  cd ws4
  487  ls
  488  cd products/
  489  ls
  490  prod
  491  less prodidoutput.txt 
  492  wc < prodidoutput.txt > prodidlinecount.txt
  493  wc -l < prodidoutput.txt > prodidlinecount.txt
  494  ls
  495  less prodidlinecount.txt 
  496  wc -l prodidoutput.txt 
  497  less prodidoutput.txt 
  498  ls
  499  paste -s -d "+" prodidoutput.txt | bc | cat prodidlinecount.txt | paste -s -d "/" | bc > custscoreoutput.txt
  500  ls
  501  paste -s -d "+" prodidoutput.txt | bc | cat prodidlinecount.txt | paste -s -d "/" | bc > prodscoreoutput.txt
  502  ls
  503  less prodscoreoutput.txt 
  504  less custscoreoutput.txt 
  505  rm custscoreoutput.txt 
  506  ls
  507  less prod
  508  less prodidlinecount.txt 
  509  ls
  510  less prodidoutput.txt 
  511  less prodscoreoutput.txt 
  512  rm prodscoreoutput.txt 
  513  ls
  514  less prodidlinecount.txt 
  515  less prodidoutput.txt 
  516  !
  517  ls
  518  less prodidoutput.txt 
  519  less prodidlinecount.txt 
  520  ls
  521  grep "043935806" awsreviews.tsv | cut -f9 > cs131/ws4/products/prodidoutput.txt
  522  cd ~
  523  grep "043935806" awsreviews.tsv | cut -f9 > cs131/ws4/products/prodidoutput.txt
  524  cd cs131/ws4
  525  ls
  526  cd products/
  527  ls
  528  less prodidoutput.txt 
  529  wc -l < prodidoutput.txt > linecount.txt
  530  ls
  531  less linecount.txt 
  532   cat linecount.txt | paste -s -d "/" | bc > computednum.txt
  533  less computednum.txt 
  534  cd cs131/ws4
  535  los
  536  ls
  537  cd products/
  538  ls
  539  less computednum.txt 
  540  rm computednum.txt 
  541  less linecount.txt 
  542  less prodidlinecount.txt 
  543  rm prodidlinecount.txt
  544  ls
  545  ajskjdhsdljkfhlkdjsfhlakjsdhflkjashdflkasdjfh
  546  ls
  547  less prodidoutput.txt 
  548  paste -s -d "+" prodidoutput.txt | bc > sum.txt
  549  less sum.txt 
  550  cat sum.txt linecount.txt | paste -s -d "/" | bc > prodfinaloutput.txt
  551  ls
  552  less prodfinaloutput.txt 
  553  cd ~
  554  ls
  555  cd cs131
  556  ls
  557  cd ws4
  558  ls
  559  less ws4script.txt 
  560  less customers/
  561  ls
  562  cd customers/
  563  ls
  564  less custidoutput.txt 
  565  wc < custidoutput.txt > linecount.txt
  566  less linecount.txt 
  567  wc < custidoutput.txt > linecount.txt
  568  less linecount.txt 
  569  cd ~
  570  grep "50122160" awsreviews.tsv | cut -f9 > cs131/ws4/customers/
  571  grep "50122160" awsreviews.tsv | cut -f9 > cs131/ws4/customers
  572  ls
  573  cd cs131
  574  ls
  575  cd ws4
  576  ls
  577  cd customers/
  578  ls
  579  less linecount.txt 
  580  less custidoutput.txt 
  581  rm custidoutput.txt 
  582  rm linecount.txt 
  583  ls
  584  cd ~
  585  ls
  586  grep "50122160" awsreviews.tsv | cut -f9 > cs131/ws4/customers/custidratingdump.txt
  587  ls
  588  cd cs131
  589  ls
  590  cd ws4
  591  ls
  592  cd customers/
  593  ls
  594  less custidratingdump.txt 
  595  wc < custidratingdump.txt > linecount.txt
  596  ls
  597  less linecount.txt 
  598  wc -l < custidratingdump.txt > linecount.txt
  599  lc
  600  ls
  601  less linecount.txt 
  602  cat custidratingdump.txt linecount.txt | paste -s -d "/" | bc > ratingoutput.txt
  603  ls
  604  less linecount.txt 
  605  less custidratingdump.txt 
  606  paste -s -d "+" custidratingdump.txt | bc > sum.txt
  607  ls
  608  less ratingoutput.txt 
  609  less sum.txt 
  610  cat sum.txt linecount.txt | paste -s -d "/" | bc > ratingoutput.txt
  611  ls
  612  less ratingoutput.txt 
  613  cd ..
  614  ls
  615  cd products/
  616  ls
  617  less prod
  618  less prodidoutput.txt 
  619  less prodfinaloutput.txt 
  620  cd ~
  621  ls
  622  cd cs131
  623  ls
  624  ls -a
  625  git add .
  626  git status
  627  git commit -a -m "First commit with ws4 redone."
  628  git push -u origin master
  629  ls
  630  cd cs131
  631  ls
  632  cd ws4
  633  ls
  634  less ws4script.txt 
  635  cd customers/
  636  ls
  637  less custidratingdump.txt 
  638  less linecount.txt 
  639  less ratingoutput.txt 
  640  less sum.txt 
  641  less ratingoutput.txt 
  642  mv ratingoutput.txt 50122160finaloutput.txt
  643  ls
  644  less 50122160finaloutput.txt 
  645  cd ..
  646  ls
  647  cd products/
  648  ls
  649  less linecount.txt 
  650  less prodidoutput.txt 
  651  less sum.txt 
  652  less prodfinaloutput.txt 
  653  mv prodfinaloutput.txt 043935806finaloutput.txt
  654  ls
  655  less 043935806finaloutput.txt 
  656  ls
  657  cd ..
  658  ls
  659  cd customers/
  660  ls
  661  cd ..
  662  ls
  663  less ws4script.txt 
  664  ls
  665  cd ..
  666  ls
  667  less cmds.log 
  668  cd ..
  669  ls
  670  less cmds.log 
  671  ls
  672  cd cs131/
  673  ls
  674  cd ws1
  675  ls
  676  cd ..
  677  ls
  678  cd ws3
  679  ls
  680  dc ..
  681  cd ..
  682  ls
  683  cd ws4
  684  ls
  685  history > cmds.log
  686  ls
  687  less cmds.log 
  688  less
  689  ls
  690  pwd
  691  vim cmds.log 
  692  ls
  693  less cmds.log 
  694  ls
  695  cd customers/
  696  ls
  697  less 50122160finaloutput.txt 
  698  cd ../products/
  699  ls
  700  less 043935806finaloutput.txt 
  701  cd ..
  702  cd ~
  703  ls
  704  cd cs131
  705  ls
  706  git add .
  707  cd class
  708  cd classwork/
  709  ls
  710  cd .
  711  cd ~
  712  ls
  713  cd cs131
  714  ls
  715  git add .
  716  git status
  717  git commit -a -m " Final renaming and file reorganization for submission."
  718  git push -u origin master
  719  git status
  720  cd cs131/classwork/
  721  ls
  722  cat long.sh 
  723  sh long.sh 
  724  vim long.sh 
  725  sh long.sh 
  726  sh long.sh ps -a
  727  sh long.sh 
  728  mkdir temp
  729  ls
  730  ls -l
  731  chmod 644 temp
  732  cd temp
  733  ls
  734  ls -l
  735  permtest.txt
  736  touch permtest.txt
  737  ls
  738  vim permtest.txt
  739  ls
  740  mv permtest.txt temp
  741  les -l permtest.txt 
  742  ls -l permtest.txt 
  743  les -l temp
  744  ls -l temp
  745  mkdir temp2
  746  mv temp2 temp3
  747  ls
  748  cp temp cp temp
  749  cp -r temp
  750  cp -r temp temp3
  751  ls
  752  cd temp3
  753  ls
  754  cd temp
  755  pwd
  756  cd ..
  757  ls
  758  cd /
  759  ls
  760  cd proc
  761  ls
  762  cd 107
  763  ls
  764  cd ..
  765  ls
  766  pwd
  767  grep memory
  768  parallel grep memory
  769  parallel : : grep memory
  770  parallel
  771  ls
  772  cd cs131
  773  ls
  774  git status
  775  mkdir as1
  776  ls
  777  cd as1
  778  ls
  779  whoami
  780  userid
  781  uid
  782  script as1.txt
  783  less as1.txt
  784  ls
  785  cd cs131
  786  ls
  787  cd as1
  788  ls
  789  script as1_pt2.txt
  790  cp /home/test/A1/downloaded_hashtags_extend.csv 
  791  cp /home/test/A1/downloaded_hashtags_extend.csv /as1
  792  cp /home/test/A1/downloaded_hashtags_extend.csv ~/cs131/as1
  793  ls
  794  mv downloaded_hashtags_extend.csv hashtags.csv
  795  ls
  796  less hashtags.csv
  797  ls -law hashtags.csv 
  798  ls -la hashtags.csv 
  799  ls -l hashtags.csv 
  800  ls -a hashtags.csv 
  801  ls -lh hashtags.csv 
  802  cd ..
  803  ls
  804  cd ..
  805  ls
  806  ls -lh awsreviews.tsv 
  807  ls
  808  cd cs131
  809  cd as1
  810  ls
  811  wc -l hashtags.csv > hashtaglinecount.txt
  812  less hashtaglinecount.txt 
  813  wc -l < hashtags.csv > hashtaglinecount.txt 
  814  less hashtaglinecount.txt 
  815  grep "great" hashtags.csv > grepgreat.txt
  816  less grepgreat.txt 
  817  grep -i "great" hashtags.csv > grepgreat.txt
  818  less grepgreat.txt 
  819  man grep
  820  man file
  821  man iconv
  822  less hashtags.csv 
  823  man file
  824  lscpu
  825  ~
  826  /
  827  ~/
  828  pwd
  829  test
  830  ls
  831  l
  832  sls
  833  ls
  834  w
  835  lll
  836  man parallel
  837  ulimit -a
  838  ls
  839  cd cs131
  840  ls
  841  cd class
  842  cd classwork/
  843  ls
  844  vim long.sh
  845  ls
  846  less long.sh 
  847  ls
  848  cd cs131/classwork/
  849  ls
  850  sh long.sh 
  851  fg
  852  sh long.sh > time.txt
  853  cd cs131/classwork/
  854  fg
  855  sh long.sh 
  856  fg
  857  bg
  858  fg
  859  ls
  860  less time.txt 
  861  jobs
  862  jobs 
  863  man jobs
  864  sh long.sh > time.txt &
  865  jobs
  866  ps -a
  867  kill -9 355943
  868  ls
  869  jobs
  870  less time.txt 
  871  cd cs131/as1
  872  ls
  873  less as1_pt2.txt 
  874  man file
  875  file -il hashtags.csv 
  876  cd cs131/as1
  877  ls
  878  file -i hashtags.csv 
  879  man iconv
  880  cd cs131/as1
  881  ls
  882  iconv -f utf-8 -t ASCII hashtags.csv > convertedhashtags.csv
  883  iconv -f utf-8 -t ascii  hashtags.csv > convertedhashtags.csv
  884  man iconv
  885  iconv -f utf-8 -t ascii hashtags.csv > convertedhashtags.csv 
  886  cp hashtags.csv copyofhashtags.csv
  887  ls
  888  iconv -f utf-8 -t ascii copyofhashtags.csv
  889  file -i copyofhashtags.csv 
  890  tail hashtags.csv 
  891  cd cs131/as1
  892  cd ~ > output.txt
  893  ~
  894  pwd
  895  cd ~
  896  pwd
  897  ls
  898  cd cs131
  899  cd as1
  900  ls
  901  less as1.txt 
  902  less as1_pt2.txt 
  903  whoami
  904  ls -l temp
  905  ls -la tmep
  906  ls -la 
  907  lscpu
  908  cd /
  909  ls
  910  cd proc
  911  ls
  912  cd 11
  913  ls
  914  cd ..
  915  cd ~
  916  cd cs131/as1
  917  ls
  918  file -i hashtags.csv 
  919  man
  920  man iconv
  921  iconv -f utf-8 -t ascii hashtags.csv > output.txt 
  922  iconv -f utf-8 -t ascii copyofhashtags.csv
  923  file -i copyofhashtags.csv 
  924  cd cs131/as1
  925  ls
  926  less hashtags.csv 
  927  less copyofhashtags.csv 
  928  iconv -f utf-8 -t ascii < hashtags.csv > copyofhashtags.csv 
  929  iconv -f utf-8 -t ascii copyofhashtags.csv 
  930  ls
  931  grep -i "ukraine" copyofhashtags.csv 
  932  grep -i "ukraine" hashtags.csv 
  933  ls
  934  rm as1.txt
  935  rm as1_pt2.txt 
  936  ls
  937  less convertedhashtags.csv 
  938  rm convertedhashtags.csv 
  939  ls
  940  less grepgreat.txt 
  941  rm temp
  942  rm -r temp
  943  rm -r temp3
  944  ls
  945  less output.txt 
  946  rm output.txt 
  947  ls
  948  scripts as1.txt
  949  script as1.txt
  950  less as1
  951  less as1.txt 
  952  script as1.txt
  953  less as1.txt 
  954  script astest.txt
  955  ls
  956  less astest.txt 
  957  cat as1.txt astest.txt 
  958  less
  959  ls
  960  cat as1.txt astest.txt masterfile.txt
  961  cat as1.txt astest.txt > masterfile.txt
  962  ls
  963  less masterfile.txt 
  964  rm as1.txt 
  965  rm astest.txt 
  966  rm permtest.txt 
  967  ls
  968  rm masterfile.txt 
  969  ls
  970  less copyofhashtags.csv 
  971  ls
  972  cd ..
  973  ls
  974  cd as1
  975  ls
  976  cat /etc/passwd
  977  id -u ilyas23sp
  978  id -g ilyas23sp
  979  id -G ilyas23sp
  980  cd /
  981  ls
  982  cd proc
  983  ls
  984  cd cpuinfo
  985  cd powerpc/
  986  ls
  987  cd ..
  988  cd vmstat
  989  ls
  990  cd cpuinfo
  991  cat cpuinfo
  992  cd /
  993  ls
  994  cd proc
  995  ls
  996  cat cpuinfo | head
  997  cat meminfo
  998  cat cpuinfo
  999  ls
 1000  cd cs131
 1001  ls
 1002  cd as1
 1003  ls
 1004  less copyofhashtags.csv 
 1005  less hashtags.csv 
 1006  cd ~
 1007  cd /etc/passwd
 1008  cat /etc/passwd
 1009  id -G ilyas23sp
 1010  id -g ilyas23sp
 1011  id ilyas23sp
 1012  ls
 1013  cd cs131/as1
 1014  ls
 1015  mkdir test
 1016  ls
 1017  cp test ./
 1018  ls
 1019  mkdir testies
 1020  lS
 1021  ls
 1022  cp test testies/
 1023  ls
 1024  rm test 
 1025  rm -r test
 1026  rm -r testies/
 1027  ls
 1028  vim greptest.txt
 1029  l
 1030  ls
 1031  grep -i "great" | wc -l
 1032  grep -i "great" greptest.txt | wc -l
 1033  grep "great" greptest.txt | wc -l
 1034  file -i hashtags.csv 
 1035  less greptest.txt 
 1036  rm greptest.txt 
 1037  ls
 1038  less grepgreat.txt 
 1039  cd ~
 1040  ls
 1041  cd cs131/as1/
 1042  ls
 1043  wc -l < hashtags.csv 
 1044  wc -l < grepgreat.txt 
 1045  file -i copyofhashtags.csv 
 1046  less copyofhashtags.csv 
 1047  man recode
 1048  file -i hashtag
 1049  file -i hashtags.csv 
 1050  iconv -f utf-8 -t ascii hashtags.csv > asciihashtags.txt
 1051  ls
 1052  iconv -f utf-8 -t ascii//TRANSLIT hashtags.csv > asciihashtags.txt
 1053  less copyofhashtags.csv 
 1054  less asciihashtags.txt 
 1055  wc -l < copyofhashtags.csv 
 1056  wc -l < asciihashtags.txt 
 1057  less copyofhashtags.csv 
 1058  grep "yeg,2022-03-08" asciihashtags.txt > testergrepoutput.txt
 1059  less testergrepoutput.txt 
 1060  rm testergrepoutput.txt 
 1061  ls
 1062  rm copyofhashtags.csv 
 1063  file -i copyofhashtags.csv
 1064  ls
 1065  cp hashtags.csv test.txt
 1066  ls
 1067  less test.txt 
 1068  cut -f1 test.txt 
 1069  cut -f1 test.txt > test.txt
 1070  less test.txt 
 1071  ls
 1072  cut -f1 hashtags.csv > test.txt
 1073  less test.txt 
 1074  cut -d , -f1 hashtags.csv > test.txt
 1075  less test.txt 
 1076  cut -d , -f2 hashtags.csv > test.txt
 1077  less test.txt 
 1078  ls
 1079  cut -d , -f1 hashtags.csv | sort -n | uniq -c > test.txt
 1080  less hashtags.csv 
 1081  head test.txt 
 1082  sort -r < test.txt
 1083  less test.txt
 1084  sort -h test.txt 
 1085  ls
 1086  script as1.txt
 1087  less as1.txt 
 1088  script as1.txt
 1089  ls
 1090  wc -l < as1.txt
 1091  vim as1.txt 
 1092  vim as2.txt
 1093  vim as1.txt
 1094  vim as2.txt
 1095  vim as1
 1096  ls
 1097  vim as1.txt
 1098  history > cmds.log
