   61  ls
   62  git status
   63  git add .
   64  git status
   65  git commit -a -m "Committing all of the WS4 changes in their entirety as a test. Currently unsure about whether to leave answers in decimal or whole number forms. Second attempt."
   66  git push -u origin master 
   67  ls
   68  cd cs131
   69  ls
   70  cd classwork/
   71  ls
   72  mkfifo my_pipe
   73  man ps
   74  ls
   75  cd cs131
   76  ls
   77  cd ws3
   78  l;s
   79  ls
   80  less ws3Answer.txt 
   81  ls
   82  less cmds.log 
   83  ls
   84  less ws3Answer.txt 
   85  cd ../ws4
   86  ls
   87  cd customers/
   88  ls
   89  less sumscoreslc.txt 
   90  less customerscoredecimal.txt 
   91  cd cs131/ws4
   92  ls
   93  cd products/
   94  ls
   95  echo "4/3" score=2; bc -l
   96  ls
   97  less cutsum.txt 
   98  cat cutsum.txt linecount.txt | paste -s -d "/" | "scale=5" bc > testoutput.txt
   99  cat cutsum.txt linecount.txt | paste -s -d "/" | bc > testoutput.txt
  100  less testoutput.txt 
  101  cat cutsum.txt linecount.txt | paste -s -d "/" | "scale=4;" bc > testoutput.txt
  102  cat cutsum.txt linecount.txt | paste -s -d "/" "scale=4" |  bc > testoutput.txt
  103  cat cutsum.txt linecount.txt | paste -s -d "/" "scale=4;" |  bc > testoutput.txt
  104  cat cutsum.txt linecount.txt | paste -s -d "/" |  bc > testoutput.txt "scale=5"
  105  cat cutsum.txt linecount.txt | paste -s -d "/" |  bc > testoutput.txt "scale=5;"
  106  cat cutsum.txt linecount.txt | paste -s -d "/" |  bc > testoutput.txt "scale=5";
  107  cat cutsum.txt linecount.txt | paste -s -d "/"
  108  cd ~
  109  ls
  110  cd cs131
  111  git add .
  112  git status
  113  git push -u origin master
  114  ls
  115  git reset -hard
  116  git reset --hard
  117  git reset HEAD^
  118  git status
  119  git add .
  120  git status
  121  ls
  122  ls ws4
  123  ls classwork/
  124  :a
  125  git commit -m "feb 22"
  126  git push -u origin master
  127  l
  128  w
  129  exit
  130  vim .bashrc
  131  who
  132  ls
  133  cd cs131
  134  ls
  135  mkdir classwork
  136  ls
  137  who
  138  cd classwork
  139  ls
  140  who
  141  who > activeusers.txt
  142  wc -l activeusers.txt > activeusercount.txt
  143  ls
  144  less activeuser
  145  less activeusers.txt 
  146  ls
  147  less activeusercount.txt 
  148  who | wc 0< > activeusercountpiped.txt
  149  who | wc -l
  150  who | wc -l > activeusercount.txt
  151  less activeuser
  152  less activeusercount.txt 
  153  ls
  154  cd ..
  155  ls
  156  cd classwork
  157  ls
  158  who | wc -c | tee activeusers.txt
  159  who | wc -l | tee activeusers.txt
  160  who | tee /dev/tty | wc -c
  161  ls
  162  cd cs131
  163  ls
  164  git status
  165  git reset --hard HEAD~2
  166  git status
  167  ls
  168  ls classwork/
  169  clear
  170  git add .
  171  ls
  172  clear
  173  git commit -u "feb 22"
  174  clear
  175  ls
  176  mkdir ws4
  177  vim ws4/sample.txt
  178  git add .
  179  git status
  180  git commit -u "feb 22"
  181  git commit -m "feb 22"
  182  git push -u origin master
  183  ls
  184  ls > ws4/ls.txt
  185  cd ws4
  186  ls
  187  cd ~
  188  ls
  189  cd cs131
  190  ls
  191  cd classwork
  192  ls
  193  cd ..
  194  ls
  195  cd ws3
  196  ls
  197  cd ..
  198  cd ~
  199  ls
  200  vim .bashrc
  201  ls
  202  cd cs131
  203  ls
  204  cd cs4
  205  ls
  206  cd ws4
  207  ls
  208  vim ls.txt
  209  ls
  210  rm ls.txt 
  211  rm sample.txt 
  212  cd ..
  213  ls
  214  cd ws4
  215  ls
  216  mkdir customers
  217  mkdir products
  218  cd ..
  219  ls
  220  cd ws4
  221  ls
  222  cd ~
  223  vim .bashrc
  224  vim .bashrc
  225  ls
  226  script ws4script.txt
  227  less ws4script.txt 
  228  ls
  229  man mv
  230  ls
  231  mv ws4script.txt/cs131/ws4
  232  mv ws4script.txt cs131/ws4
  233  ls
  234  cd cs131
  235  ls
  236  cd ws4
  237  ls
  238  less ws4script.txt 
  239  cd ~
  240  las
  241  ls
  242  cd cs131
  243  ls
  244  cd ws3
  245  ls
  246  less ws3Answer.txt 
  247  ls
  248  ls
  249  grep 50122160 awsreviews.tsv | cut -f2 > /cs131/ws4/customers/custidoutput.txt 
  250  grep 50122160 awsreviews.tsv | cut -f2 > cs131/ws4/customers/custidoutput.txt 
  251  grep "5012216"0 awsreviews.tsv | cut -f2 > cs131/ws4/customers/custidoutput.txt 
  252  grep "50122160" awsreviews.tsv | cut -f2 > cs131/ws4/customers/custidoutput.txt 
  253  ls
  254  grep "50122160" awsreviews.tsv | cut -f9 > cs131/ws4/customers/custidoutput.txt 
  255  ls
  256  cd cs131
  257  ls
  258  cd ws4
  259  ls
  260  cd customers
  261  ls
  262  less custidoutput.txt 
  263  cd ~
  264  ls
  265  grep "043935806" awsreviews.tsv | cut -f9 > cs131/ws4/products/prodidoutput.txt
  266  ls
  267  cd cs131
  268  ls
  269  cd ws4
  270  ls
  271  cd products/
  272  ls
  273  prod
  274  less prodidoutput.txt 
  275  wc < prodidoutput.txt > prodidlinecount.txt
  276  wc -l < prodidoutput.txt > prodidlinecount.txt
  277  ls
  278  less prodidlinecount.txt 
  279  wc -l prodidoutput.txt 
  280  less prodidoutput.txt 
  281  ls
  282  paste -s -d "+" prodidoutput.txt | bc | cat prodidlinecount.txt | paste -s -d "/" | bc > custscoreoutput.txt
  283  ls
  284  paste -s -d "+" prodidoutput.txt | bc | cat prodidlinecount.txt | paste -s -d "/" | bc > prodscoreoutput.txt
  285  ls
  286  less prodscoreoutput.txt 
  287  less custscoreoutput.txt 
  288  rm custscoreoutput.txt 
  289  ls
  290  less prod
  291  less prodidlinecount.txt 
  292  ls
  293  less prodidoutput.txt 
  294  less prodscoreoutput.txt 
  295  rm prodscoreoutput.txt 
  296  ls
  297  less prodidlinecount.txt 
  298  less prodidoutput.txt 
  299  !
  300  ls
  301  less prodidoutput.txt 
  302  less prodidlinecount.txt 
  303  ls
  304  grep "043935806" awsreviews.tsv | cut -f9 > cs131/ws4/products/prodidoutput.txt
  305  cd ~
  306  grep "043935806" awsreviews.tsv | cut -f9 > cs131/ws4/products/prodidoutput.txt
  307  cd cs131/ws4
  308  ls
  309  cd products/
  310  ls
  311  less prodidoutput.txt 
  312  wc -l < prodidoutput.txt > linecount.txt
  313  ls
  314  less linecount.txt 
  315   cat linecount.txt | paste -s -d "/" | bc > computednum.txt
  316  less computednum.txt 
  317  cd cs131/ws4
  318  los
  319  ls
  320  cd products/
  321  ls
  322  less computednum.txt 
  323  rm computednum.txt 
  324  less linecount.txt 
  325  less prodidlinecount.txt 
  326  rm prodidlinecount.txt
  327  ls
  328  ajskjdhsdljkfhlkdjsfhlakjsdhflkjashdflkasdjfh
  329  ls
  330  less prodidoutput.txt 
  331  paste -s -d "+" prodidoutput.txt | bc > sum.txt
  332  less sum.txt 
  333  cat sum.txt linecount.txt | paste -s -d "/" | bc > prodfinaloutput.txt
  334  ls
  335  less prodfinaloutput.txt 
  336  cd ~
  337  ls
  338  cd cs131
  339  ls
  340  cd ws4
  341  ls
  342  less ws4script.txt 
  343  less customers/
  344  ls
  345  cd customers/
  346  ls
  347  less custidoutput.txt 
  348  wc < custidoutput.txt > linecount.txt
  349  less linecount.txt 
  350  wc < custidoutput.txt > linecount.txt
  351  less linecount.txt 
  352  cd ~
  353  grep "50122160" awsreviews.tsv | cut -f9 > cs131/ws4/customers/
  354  grep "50122160" awsreviews.tsv | cut -f9 > cs131/ws4/customers
  355  ls
  356  cd cs131
  357  ls
  358  cd ws4
  359  ls
  360  cd customers/
  361  ls
  362  less linecount.txt 
  363  less custidoutput.txt 
  364  rm custidoutput.txt 
  365  rm linecount.txt 
  366  ls
  367  cd ~
  368  ls
  369  grep "50122160" awsreviews.tsv | cut -f9 > cs131/ws4/customers/custidratingdump.txt
  370  ls
  371  cd cs131
  372  ls
  373  cd ws4
  374  ls
  375  cd customers/
  376  ls
  377  less custidratingdump.txt 
  378  wc < custidratingdump.txt > linecount.txt
  379  ls
  380  less linecount.txt 
  381  wc -l < custidratingdump.txt > linecount.txt
  382  lc
  383  ls
  384  less linecount.txt 
  385  cat custidratingdump.txt linecount.txt | paste -s -d "/" | bc > ratingoutput.txt
  386  ls
  387  less linecount.txt 
  388  less custidratingdump.txt 
  389  paste -s -d "+" custidratingdump.txt | bc > sum.txt
  390  ls
  391  less ratingoutput.txt 
  392  less sum.txt 
  393  cat sum.txt linecount.txt | paste -s -d "/" | bc > ratingoutput.txt
  394  ls
  395  less ratingoutput.txt 
  396  cd ..
  397  ls
  398  cd products/
  399  ls
  400  less prod
  401  less prodidoutput.txt 
  402  less prodfinaloutput.txt 
  403  cd ~
  404  ls
  405  cd cs131
  406  ls
  407  ls -a
  408  git add .
  409  git status
  410  git commit -a -m "First commit with ws4 redone."
  411  git push -u origin master
  412  ls
  413  cd cs131
  414  ls
  415  cd ws4
  416  ls
  417  less ws4script.txt 
  418  cd customers/
  419  ls
  420  less custidratingdump.txt 
  421  less linecount.txt 
  422  less ratingoutput.txt 
  423  less sum.txt 
  424  less ratingoutput.txt 
  425  mv ratingoutput.txt 50122160finaloutput.txt
  426  ls
  427  less 50122160finaloutput.txt 
  428  cd ..
  429  ls
  430  cd products/
  431  ls
  432  less linecount.txt 
  433  less prodidoutput.txt 
  434  less sum.txt 
  435  less prodfinaloutput.txt 
  436  mv prodfinaloutput.txt 043935806finaloutput.txt
  437  ls
  438  less 043935806finaloutput.txt 
  439  ls
  440  cd ..
  441  ls
  442  cd customers/
  443  ls
  444  cd ..
  445  ls
  446  less ws4script.txt 
  447  ls
  448  cd ..
  449  ls
  450  less cmds.log 
  451  cd ..
  452  ls
  453  less cmds.log 
  454  ls
  455  cd cs131/
  456  ls
  457  cd ws1
  458  ls
  459  cd ..
  460  ls
  461  cd ws3
  462  ls
  463  dc ..
  464  cd ..
  465  ls
  466  cd ws4
  467  ls
  468  history > cmds.log
  469  ls
  470  less cmds.log 
  471  less
  472  ls
  473  pwd
  474  vim cmds.log 
  475  ls
  476  less cmds.log 
  477  ls
  478  cd customers/
  479  ls
  480  less 50122160finaloutput.txt 
  481  cd ../products/
  482  ls
  483  less 043935806finaloutput.txt 
  484  cd ..
  485  cd ~
  486  ls
  487  cd cs131
  488  ls
  489  git add .
  490  cd class
  491  cd classwork/
  492  ls
  493  cd .
  494  cd ~
  495  ls
  496  cd cs131
  497  ls
  498  git add .
  499  git status
  500  git commit -a -m " Final renaming and file reorganization for submission."
  501  git push -u origin master
  502  git status
  503  cd cs131/classwork/
  504  ls
  505  cat long.sh 
  506  sh long.sh 
  507  vim long.sh 
  508  sh long.sh 
  509  sh long.sh ps -a
  510  sh long.sh 
  511  mkdir temp
  512  ls
  513  ls -l
  514  chmod 644 temp
  515  cd temp
  516  ls
  517  ls -l
  518  permtest.txt
  519  touch permtest.txt
  520  ls
  521  vim permtest.txt
  522  ls
  523  mv permtest.txt temp
  524  les -l permtest.txt 
  525  ls -l permtest.txt 
  526  les -l temp
  527  ls -l temp
  528  mkdir temp2
  529  mv temp2 temp3
  530  ls
  531  cp temp cp temp
  532  cp -r temp
  533  cp -r temp temp3
  534  ls
  535  cd temp3
  536  ls
  537  cd temp
  538  pwd
  539  cd ..
  540  ls
  541  cd /
  542  ls
  543  cd proc
  544  ls
  545  cd 107
  546  ls
  547  cd ..
  548  ls
  549  pwd
  550  grep memory
  551  parallel grep memory
  552  parallel : : grep memory
  553  parallel
  554  ls
  555  cd cs131
  556  ls
  557  git status
  558  mkdir as1
  559  ls
  560  cd as1
  561  ls
  562  whoami
  563  userid
  564  uid
  565  script as1.txt
  566  less as1.txt
  567  ls
  568  cd cs131
  569  ls
  570  cd as1
  571  ls
  572  script as1_pt2.txt
  573  cp /home/test/A1/downloaded_hashtags_extend.csv 
  574  cp /home/test/A1/downloaded_hashtags_extend.csv /as1
  575  cp /home/test/A1/downloaded_hashtags_extend.csv ~/cs131/as1
  576  ls
  577  mv downloaded_hashtags_extend.csv hashtags.csv
  578  ls
  579  less hashtags.csv
  580  ls -law hashtags.csv 
  581  ls -la hashtags.csv 
  582  ls -l hashtags.csv 
  583  ls -a hashtags.csv 
  584  ls -lh hashtags.csv 
  585  cd ..
  586  ls
  587  cd ..
  588  ls
  589  ls -lh awsreviews.tsv 
  590  ls
  591  cd cs131
  592  cd as1
  593  ls
  594  wc -l hashtags.csv > hashtaglinecount.txt
  595  less hashtaglinecount.txt 
  596  wc -l < hashtags.csv > hashtaglinecount.txt 
  597  less hashtaglinecount.txt 
  598  grep "great" hashtags.csv > grepgreat.txt
  599  less grepgreat.txt 
  600  grep -i "great" hashtags.csv > grepgreat.txt
  601  less grepgreat.txt 
  602  man grep
  603  man file
  604  man iconv
  605  less hashtags.csv 
  606  man file
  607  lscpu
  608  ~
  609  /
  610  ~/
  611  pwd
  612  test
  613  ls
  614  l
  615  sls
  616  ls
  617  w
  618  lll
  619  man parallel
  620  ulimit -a
  621  ls
  622  cd cs131
  623  ls
  624  cd class
  625  cd classwork/
  626  ls
  627  vim long.sh
  628  ls
  629  less long.sh 
  630  ls
  631  cd cs131/classwork/
  632  ls
  633  sh long.sh 
  634  fg
  635  sh long.sh > time.txt
  636  cd cs131/classwork/
  637  fg
  638  sh long.sh 
  639  fg
  640  bg
  641  fg
  642  ls
  643  less time.txt 
  644  jobs
  645  jobs 
  646  man jobs
  647  sh long.sh > time.txt &
  648  jobs
  649  ps -a
  650  kill -9 355943
  651  ls
  652  jobs
  653  less time.txt 
  654  cd cs131/as1
  655  ls
  656  less as1_pt2.txt 
  657  man file
  658  file -il hashtags.csv 
  659  cd cs131/as1
  660  ls
  661  file -i hashtags.csv 
  662  man iconv
  663  cd cs131/as1
  664  ls
  665  iconv -f utf-8 -t ASCII hashtags.csv > convertedhashtags.csv
  666  iconv -f utf-8 -t ascii  hashtags.csv > convertedhashtags.csv
  667  man iconv
  668  iconv -f utf-8 -t ascii hashtags.csv > convertedhashtags.csv 
  669  cp hashtags.csv copyofhashtags.csv
  670  ls
  671  iconv -f utf-8 -t ascii copyofhashtags.csv
  672  file -i copyofhashtags.csv 
  673  tail hashtags.csv 
  674  cd cs131/as1
  675  cd ~ > output.txt
  676  ~
  677  pwd
  678  cd ~
  679  pwd
  680  ls
  681  cd cs131
  682  cd as1
  683  ls
  684  less as1.txt 
  685  less as1_pt2.txt 
  686  whoami
  687  ls -l temp
  688  ls -la tmep
  689  ls -la 
  690  lscpu
  691  cd /
  692  ls
  693  cd proc
  694  ls
  695  cd 11
  696  ls
  697  cd ..
  698  cd ~
  699  cd cs131/as1
  700  ls
  701  file -i hashtags.csv 
  702  man
  703  man iconv
  704  iconv -f utf-8 -t ascii hashtags.csv > output.txt 
  705  iconv -f utf-8 -t ascii copyofhashtags.csv
  706  file -i copyofhashtags.csv 
  707  cd cs131/as1
  708  ls
  709  less hashtags.csv 
  710  less copyofhashtags.csv 
  711  iconv -f utf-8 -t ascii < hashtags.csv > copyofhashtags.csv 
  712  iconv -f utf-8 -t ascii copyofhashtags.csv 
  713  ls
  714  grep -i "ukraine" copyofhashtags.csv 
  715  grep -i "ukraine" hashtags.csv 
  716  ls
  717  rm as1.txt
  718  rm as1_pt2.txt 
  719  ls
  720  less convertedhashtags.csv 
  721  rm convertedhashtags.csv 
  722  ls
  723  less grepgreat.txt 
  724  rm temp
  725  rm -r temp
  726  rm -r temp3
  727  ls
  728  less output.txt 
  729  rm output.txt 
  730  ls
  731  scripts as1.txt
  732  script as1.txt
  733  less as1
  734  less as1.txt 
  735  script as1.txt
  736  less as1.txt 
  737  script astest.txt
  738  ls
  739  less astest.txt 
  740  cat as1.txt astest.txt 
  741  less
  742  ls
  743  cat as1.txt astest.txt masterfile.txt
  744  cat as1.txt astest.txt > masterfile.txt
  745  ls
  746  less masterfile.txt 
  747  rm as1.txt 
  748  rm astest.txt 
  749  rm permtest.txt 
  750  ls
  751  rm masterfile.txt 
  752  ls
  753  less copyofhashtags.csv 
  754  ls
  755  cd ..
  756  ls
  757  cd as1
  758  ls
  759  cat /etc/passwd
  760  id -u ilyas23sp
  761  id -g ilyas23sp
  762  id -G ilyas23sp
  763  cd /
  764  ls
  765  cd proc
  766  ls
  767  cd cpuinfo
  768  cd powerpc/
  769  ls
  770  cd ..
  771  cd vmstat
  772  ls
  773  cd cpuinfo
  774  cat cpuinfo
  775  cd /
  776  ls
  777  cd proc
  778  ls
  779  cat cpuinfo | head
  780  cat meminfo
  781  cat cpuinfo
  782  ~
  783  cat /etc/passwd | grep "ilyas23sp"
  784  id ilyas23sp
  785  mkdir temp
  786  ls
  787  chmod 644 temp
  788  ls -la temp
  789  ls temp
  790  ls -l temp
  791  mkdir tempwithperms
  792  ls tempwithperms
  793  ls -l tempwithperms
  794  ls
  795  touch temp/testfile.txt
  796  touch tempwithperms/testfile.txt
  797  ls -l tempwithperms
  798  mkdir temp2
  799  mkdir temp3
  800  mv temp2 temp3
  801  ls
  802  cd temp3 
  803  ls
  804  cd ..
  805  ls
  806  mkdir testdirectory
  807  cp testdirectory temp3
  808  cp -r testdirectory temp3
  809  cd temp3
  810  ls
  811  cd ..
  812  ls
  813  cd /directory/proc
  814  cd ~
  815  ls
  816  cd /proc
  817  head  meminfo
  818  cat meminfo
  819  ls proc
  820  ls
  821  head cpuinfo
  822  tail cpuinfo
  823  lscpu
  824  cd ~/cs131/as1
  825  ls
  826  ls -la
  827  ls -l 
  828  ls -sh
  829  wc -l < grep -i "great" hashtags.csv > greatgreppedlinecount.txt
  830  wc -l < grep -i "great" hashtags.csv
  831  ls
  832  less hashtags.csv
  833  grep -i "great" hashtags.csv > grepgreat.txt
  834  grep -i "great" hashtags.csv | wc -l > grepgreat.txt
  835  less grepgreat.txt 
  836  file -i hashtags.csv 
  837  iconv -f utf-8 -t ascii//TRANSLIT asciihashtags.csv
  838  iconv -f utf-8 -t ascii//TRANSLIT hashtags.csv > asciihashtags.csv
  839  file -i asciihashtags.
  840  file -i asciihashtags.csv
  841  head hashtags.csv 
  842  cut -d , -f1 hashtags.csv > cutusers.txt
  843  less cutusers.txt 
  844  sort -h < cutusers.txt
  845  ls
  846  uniq -c cutusers.txt 
  847  sort -h cutusers.txt 
  848  ls
  849  less cutusers.txt 
  850  sort cutusers.txt | uniq -c | sort -h > sortedusers.txt
  851  less sortedusers.txt 
  852  cut -d , -f4 hashtags.csv > cuttweets.txt
  853  less cuttweets.txt 
  854  sort cuttweets.txt | uniq -c | sort -h > sortedtweets.txt
  855  less sortedtweets.txt 
  856  ls
  857  cut -d , -f2 hashtags.csv > cuthashtags.txt
  858  less cuthashtags.txt 
  859  sort cuthashtags.txt | uniq -c | sort -h > sortedhashtags.txt
  860  less sortedhashtags.txt 
  861  tail sortedhashtags.txt 
  862  wc -l < sortedhashtags.txt > numberofsortedhashtags.txt
  863  wc -l < sortedtweets.txt > numberofsortedtweets.txt
  864  less numberofsortedhashtags.txt 
  865  less numberofsortedtweets.txt 
  866  cd cs131/as1
  867  ls
  868  less hashtaglinecount.txt 
  869  cd cs131/as1
  870  ls
  871  less hashtags.csv 
  872  ls
  873  cd cs131
  874  ls
  875  cd as1
  876  ls
  877  less copyofhashtags.csv 
  878  less hashtags.csv 
  879  cd ~
  880  cd /etc/passwd
  881  cat /etc/passwd
  882  id -G ilyas23sp
  883  id -g ilyas23sp
  884  id ilyas23sp
  885  ls
  886  cd cs131/as1
  887  ls
  888  mkdir test
  889  ls
  890  cp test ./
  891  ls
  892  mkdir testies
  893  lS
  894  ls
  895  cp test testies/
  896  ls
  897  rm test 
  898  rm -r test
  899  rm -r testies/
  900  ls
  901  vim greptest.txt
  902  l
  903  ls
  904  grep -i "great" | wc -l
  905  grep -i "great" greptest.txt | wc -l
  906  grep "great" greptest.txt | wc -l
  907  file -i hashtags.csv 
  908  less greptest.txt 
  909  rm greptest.txt 
  910  ls
  911  less grepgreat.txt 
  912  cd ~
  913  ls
  914  cd cs131/as1/
  915  ls
  916  wc -l < hashtags.csv 
  917  wc -l < grepgreat.txt 
  918  file -i copyofhashtags.csv 
  919  less copyofhashtags.csv 
  920  man recode
  921  file -i hashtag
  922  file -i hashtags.csv 
  923  iconv -f utf-8 -t ascii hashtags.csv > asciihashtags.txt
  924  ls
  925  iconv -f utf-8 -t ascii//TRANSLIT hashtags.csv > asciihashtags.txt
  926  less copyofhashtags.csv 
  927  less asciihashtags.txt 
  928  wc -l < copyofhashtags.csv 
  929  wc -l < asciihashtags.txt 
  930  less copyofhashtags.csv 
  931  grep "yeg,2022-03-08" asciihashtags.txt > testergrepoutput.txt
  932  less testergrepoutput.txt 
  933  rm testergrepoutput.txt 
  934  ls
  935  rm copyofhashtags.csv 
  936  file -i copyofhashtags.csv
  937  ls
  938  cp hashtags.csv test.txt
  939  ls
  940  less test.txt 
  941  cut -f1 test.txt 
  942  cut -f1 test.txt > test.txt
  943  less test.txt 
  944  ls
  945  cut -f1 hashtags.csv > test.txt
  946  less test.txt 
  947  cut -d , -f1 hashtags.csv > test.txt
  948  less test.txt 
  949  cut -d , -f2 hashtags.csv > test.txt
  950  less test.txt 
  951  ls
  952  cut -d , -f1 hashtags.csv | sort -n | uniq -c > test.txt
  953  less hashtags.csv 
  954  head test.txt 
  955  sort -r < test.txt
  956  less test.txt
  957  sort -h test.txt 
  958  ls
  959  script as1.txt
  960  less as1.txt 
  961  script as1.txt
  962  ls
  963  wc -l < as1.txt
  964  vim as1.txt 
  965  vim as2.txt
  966  vim as1.txt
  967  vim as2.txt
  968  vim as1
  969  ls
  970  vim as1.txt
  971  history > cmds.log
  972  cd cs131
  973  ls
  974  cd as1
  975  git status
  976  git add .
  977  ls
  978  rm hashtags.csv
  979  git add .
  980  git status
  981  git commit -a -m "Adding as1 assignment minus original csv."
  982  git push -u origin master
  983  git add .
  984  git status
  985  git commit -a -m "Adding final touch ups" 
  986  git push -u origin master
  987  ls
  988  cd cs131
  989  l;s
  990  ls
  991  mkdir ws5
  992  ls
  993  cd ..
  994  ls
  995  cp awsreviews.tsv cs131/ws5
  996  cp awsreviews.tsv 
  997  cp awsreviews.tsv /cs131/ws5/
  998  cp awsreviews.tsv cs131/ws5/
  999  cd cs131/ws5
 1000  ls
 1001  cd ~
 1002  ls
 1003  cp awsreviews.tsv cs131/ws5
 1004  man cp
 1005  ls
 1006  cd cs131/ws5
 1007  ls
 1008  wc -l < awsreviews.tsv 
 1009  cd ~ | wc -l < awsreviews.tsv 
 1010  ls
 1011  mkdir customers
 1012  ls
 1013  cut -f2 awsreviews.tsv | sort -r > cutandrevsort.txt
 1014  sl
 1015  ls
 1016  less cutandrevsort.txt 
 1017  uniq -cq cutandrevsort.txt 
 1018  man uniq
 1019  uniq -c cutandrevsort.txt 
 1020* 
 1021  less cutandrevsort.txt 
 1022  uniq -c cutandrevsort.txt | sort -r 
 1023  less cutandrevsort.txt 
 1024  ls
 1025  less cutandrevsort.txt 
 1026  cut -f2 awsreviews.tsv | sort | uniq -c | sort -r > cutandrevsort.txt 
 1027  ls
 1028  less cutandrevsort.txt 
 1029  cut -f2 awsreviews.tsv | sort | uniq -c | sort -h | sort -r > cutandrevsort.txt 
 1030  less cutandrevsort.txt 
 1031  cut -f2 awsreviews.tsv | sort | uniq -c | sort -rnh > cutandrevsort.txt 
 1032  cut -f2 awsreviews.tsv | sort -n | uniq -c | sort -rh > cutandrevsort.txt 
 1033  less cutandrevsort.txt 
 1034  ls
 1035  cut -f2 cutandrevsort.txt > testcutfile.txt
 1036  less testcutfile.txt 
 1037  man cut
 1038  less testcutfile.txt 
 1039  cut cutandrevsort.txt > testcutfile.txt 
 1040  cut --help
 1041  cut -d cutandrevsort.txt > testcutfile.txt 
 1042  cut -d \t cutandrevsort.txt > testcutfile.txt 
 1043  cut -d "\t" cutandrevsort.txt > testcutfile.txt 
 1044  ls
 1045  less cutandrevsort.txt 
 1046  cut -f1 cutandrevsort.txt > testcutfile.txt 
 1047  less testcutfile.txt 
 1048  cut -d" " -f2 cutandrevsort.txt > testcutfile.txt 
 1049  less testcutfile.txt 
 1050  tr -s ' '< cutandrevsort.txt | cut -d" " -f2 > testcutfile.txt 
 1051  less testcutfile.txt 
 1052  ls
 1053  less cutandrevsort.txt 
 1054  tr -s ' '< cutandrevsort.txt | cut -f2 > testcutfile.txt 
 1055  less testcutfile.txt 
 1056  tr -s ' '< cutandrevsort.txt | cut -d" " -f2 > testcutfile.txt 
 1057  less testcutfile.txt 
 1058  tr -s ' '< cutandrevsort.txt | cut -d" " -f3 > testcutfile.txt 
 1059  less testcutfile.txt 
 1060  history > cmds.log
